[01-frontal-neutral] flux-2-pro 1024x1024 (2 refs, prompt_upsampling=False)
  [01-frontal-neutral] status=Pending -- polling...
  [01-frontal-neutral] status=Pending -- polling...
  [01-frontal-neutral] status=Pending -- polling...
  [01-frontal-neutral] status=Pending -- polling...
  [01-frontal-neutral] status=Pending -- polling...
  [01-frontal-neutral] status=Pending -- polling...
  -> wrote 01-frontal-neutral.jpg (458 KB)
[02-frontal-soft-smile] flux-2-pro 1024x1024 (2 refs, prompt_upsampling=False)
  [02-frontal-soft-smile] status=Pending -- polling...
  [02-frontal-soft-smile] status=Pending -- polling...
  [02-frontal-soft-smile] status=Pending -- polling...
  [02-frontal-soft-smile] status=Pending -- polling...
  [02-frontal-soft-smile] status=Pending -- polling...
  [02-frontal-soft-smile] status=Pending -- polling...
  [02-frontal-soft-smile] status=Pending -- polling...
  -> wrote 02-frontal-soft-smile.jpg (343 KB)
[03-frontal-open-smile] flux-2-pro 1024x1024 (2 refs, prompt_upsampling=False)
  [03-frontal-open-smile] status=Pending -- polling...
  [03-frontal-open-smile] status=Pending -- polling...
  [03-frontal-open-smile] status=Pending -- polling...
  [03-frontal-open-smile] status=Pending -- polling...
  [03-frontal-open-smile] status=Pending -- polling...
  [03-frontal-open-smile] status=Pending -- polling...
  [03-frontal-open-smile] status=Pending -- polling...
  -> wrote 03-frontal-open-smile.jpg (354 KB)
[04-three-quarter-left] flux-2-pro 1024x1024 (2 refs, prompt_upsampling=False)
  [04-three-quarter-left] status=Pending -- polling...
  [04-three-quarter-left] status=Pending -- polling...
  [04-three-quarter-left] status=Pending -- polling...
  [04-three-quarter-left] status=Pending -- polling...
  [04-three-quarter-left] status=Pending -- polling...
  [04-three-quarter-left] status=Pending -- polling...
  [04-three-quarter-left] status=Pending -- polling...
  -> wrote 04-three-quarter-left.jpg (403 KB)
[05-three-quarter-right] flux-2-pro 1024x1024 (2 refs, prompt_upsampling=False)
  [05-three-quarter-right] status=Pending -- polling...
  [05-three-quarter-right] status=Pending -- polling...
  [05-three-quarter-right] status=Pending -- polling...
  [05-three-quarter-right] status=Pending -- polling...
  [05-three-quarter-right] status=Pending -- polling...
  [05-three-quarter-right] status=Pending -- polling...
  [05-three-quarter-right] status=Pending -- polling...
  [05-three-quarter-right] status=Pending -- polling...
  [05-three-quarter-right] status=Pending -- polling...
  -> wrote 05-three-quarter-right.jpg (534 KB)
[06-speaking-mid-vowel] flux-2-pro 1024x1024 (2 refs, prompt_upsampling=False)
  [06-speaking-mid-vowel] status=Pending -- polling...
  [06-speaking-mid-vowel] status=Pending -- polling...
  [06-speaking-mid-vowel] status=Pending -- polling...
  [06-speaking-mid-vowel] status=Pending -- polling...
  [06-speaking-mid-vowel] status=Pending -- polling...
  [06-speaking-mid-vowel] status=Pending -- polling...
  [06-speaking-mid-vowel] status=Pending -- polling...
  [06-speaking-mid-vowel] status=Pending -- polling...
  -> wrote 06-speaking-mid-vowel.jpg (414 KB)
[07-laughing] flux-2-pro 1024x1024 (2 refs, prompt_upsampling=False)
  [07-laughing] status=Pending -- polling...
  [07-laughing] status=Pending -- polling...
  [07-laughing] status=Pending -- polling...
  [07-laughing] status=Pending -- polling...
  [07-laughing] status=Pending -- polling...
  [07-laughing] status=Pending -- polling...
  -> wrote 07-laughing.jpg (551 KB)
[08-looking-at-notes] flux-2-pro 1024x1024 (2 refs, prompt_upsampling=False)
  [08-looking-at-notes] status=Pending -- polling...
  [08-looking-at-notes] status=Pending -- polling...
  [08-looking-at-notes] status=Pending -- polling...
  [08-looking-at-notes] status=Pending -- polling...
  [08-looking-at-notes] status=Pending -- polling...
  [08-looking-at-notes] status=Pending -- polling...
  -> wrote 08-looking-at-notes.jpg (555 KB)

Done. 8 / 8 succeeded.
